2023-05-09 14:42:05 +0000  Initial pipeline context: <IDEDistributionProcessingPipelineContext: 0x7f96a964eb10; archive(resolved)="<IDEArchive: 0x6000032d4f60>", distributionTask(resolved)="2", distributionDestination(resolved)="1", distributionMethod(resolved)="<IDEDistributionMethodiOSAdHoc: 0x600005536220>", team(resolved)="<IDEProvisioningDisambiguatableBasicTeam: 0x600000ec1b40; teamID='7673SP667C', teamName='Vladislav Kolchuk', teamType='(null)', username='(null)', isFreeProvisioningTeam='0'>">
	Chain (14, self inclusive):
	<IDEDistributionProcessingPipelineContext: 0x7f96a964eb10; archive = "<IDEArchive: 0x6000032d4f60>", distributionMethod="<IDEDistributionMethodiOSAdHoc: 0x600005536220>", team="<IDEProvisioningDisambiguatableBasicTeam: 0x600000ec1b40; teamID='7673SP667C', teamName='Vladislav Kolchuk', teamType='(null)', username='(null)', isFreeProvisioningTeam='0'>">
	<IDEDistributionProcessingPipelineContext: 0x7f96a9656540; archive = "<IDEArchive: 0x6000032d4f60>", distributionMethod="<IDEDistributionMethodiOSAdHoc: 0x600005536220>", team="<IDEProvisioningDisambiguatableBasicTeam: 0x600000ec1b40; teamID='7673SP667C', teamName='Vladislav Kolchuk', teamType='(null)', username='(null)', isFreeProvisioningTeam='0'>">
	<IDEDistributionContext: 0x7f96ac431850; archive = "<IDEArchive: 0x6000032d4f60>", distributionMethod="<IDEDistributionMethodiOSAdHoc: 0x600005536220>", team="<IDEProvisioningDisambiguatableBasicTeam: 0x600000ec1b40; teamID='7673SP667C', teamName='Vladislav Kolchuk', teamType='(null)', username='(null)', isFreeProvisioningTeam='0'>">
	<IDEDistributionContext: 0x7f96a8220ca0; archive = "<IDEArchive: 0x6000032d4f60>", distributionMethod="<IDEDistributionMethodiOSAdHoc: 0x600005536220>", team="<IDEProvisioningDisambiguatableBasicTeam: 0x600000ec1b40; teamID='7673SP667C', teamName='Vladislav Kolchuk', teamType='(null)', username='(null)', isFreeProvisioningTeam='0'>">
	<IDEDistributionContext: 0x7f96a8255470; archive = "<IDEArchive: 0x6000032d4f60>", distributionMethod="<IDEDistributionMethodiOSAdHoc: 0x600005536220>", team="<IDEProvisioningDisambiguatableBasicTeam: 0x600000ec1b40; teamID='7673SP667C', teamName='Vladislav Kolchuk', teamType='(null)', username='(null)', isFreeProvisioningTeam='0'>">
	<IDEDistributionContext: 0x7f96a8212000; archive = "<IDEArchive: 0x6000032d4f60>", distributionMethod="<IDEDistributionMethodiOSAdHoc: 0x600005536220>", team="<IDEProvisioningDisambiguatableBasicTeam: 0x600000ec1b40; teamID='7673SP667C', teamName='Vladislav Kolchuk', teamType='(null)', username='(null)', isFreeProvisioningTeam='0'>">
	<IDEDistributionContext: 0x7f96ac4413f0; archive = "<IDEArchive: 0x6000032d4f60>", distributionMethod="<IDEDistributionMethodiOSAdHoc: 0x600005536220>", team="<IDEProvisioningDisambiguatableBasicTeam: 0x600000ec1b40; teamID='7673SP667C', teamName='Vladislav Kolchuk', teamType='(null)', username='(null)', isFreeProvisioningTeam='0'>">
	<IDEDistributionContext: 0x7f96a70e0110; archive = "<IDEArchive: 0x6000032d4f60>", distributionMethod="<IDEDistributionMethodiOSAdHoc: 0x600005536220>", team="<IDEProvisioningDisambiguatableBasicTeam: 0x600000ec1b40; teamID='7673SP667C', teamName='Vladislav Kolchuk', teamType='(null)', username='(null)', isFreeProvisioningTeam='0'>">
	<IDEDistributionContext: 0x7f96ac4322b0; archive = "<IDEArchive: 0x6000032d4f60>", distributionMethod="<IDEDistributionMethodiOSAdHoc: 0x600005536220>", team="<IDEProvisioningDisambiguatableBasicTeam: 0x600000ec1b40; teamID='7673SP667C', teamName='Vladislav Kolchuk', teamType='(null)', username='(null)', isFreeProvisioningTeam='0'>">
	<IDEDistributionContext: 0x7f96ac99f090; archive = "<IDEArchive: 0x6000032d4f60>", distributionMethod="<IDEDistributionMethodiOSAdHoc: 0x600005536220>", team="(null)">
	<IDEDistributionContext: 0x7f96a68471e0; archive = "<IDEArchive: 0x6000032d4f60>", distributionMethod="<IDEDistributionMethodiOSAdHoc: 0x600005536220>", team="(null)">
	<IDEDistributionContext: 0x7f96a6846240; archive = "<IDEArchive: 0x6000032d4f60>", distributionMethod="<IDEDistributionMethodiOSAdHoc: 0x600005536220>", team="(null)">
	<IDEDistributionContext: 0x7f96a2e7a4f0; archive = "<IDEArchive: 0x6000032d4f60>", distributionMethod="<IDEDistributionMethodiOSAdHoc: 0x600005536220>", team="(null)">
	<IDEDistributionContext: 0x7f96ac4433d0; archive = "<IDEArchive: 0x6000032d4f60>", distributionMethod="(null)", team="(null)">
</IDEDistributionProcessingPipelineContext: 0x7f96a964eb10>
2023-05-09 14:42:05 +0000  Processing step: IDEDistributionCreateDestRootStep
2023-05-09 14:42:05 +0000  Processing step: IDEDistributionCopyItemStep
2023-05-09 14:42:05 +0000  Running /usr/bin/ditto '-V' '/Users/macvps/Library/Developer/Xcode/Archives/2023-05-09/Task Reminder 5-9-23, 7.39 AM.xcarchive/Products/Applications/todoList.app' '/var/folders/sb/qjkwrxwj6bx7936vssk9pxt00000gp/T/XcodeDistPipeline.~~~I3Iow9/Root/Payload/todoList.app'
2023-05-09 14:42:05 +0000  >>> Copying /Users/macvps/Library/Developer/Xcode/Archives/2023-05-09/Task Reminder 5-9-23, 7.39 AM.xcarchive/Products/Applications/todoList.app 
2023-05-09 14:42:05 +0000  copying file ./_CodeSignature/CodeResources ... 
2023-05-09 14:42:05 +0000  6471 bytes for ./_CodeSignature/CodeResources
2023-05-09 14:42:05 +0000  copying file ./AppIcon60x60@2x.png ... 
2023-05-09 14:42:05 +0000  6945 bytes for ./AppIcon60x60@2x.png
2023-05-09 14:42:05 +0000  copying file ./Base.lproj/Main.storyboardc/UIViewController-BYZ-38-t0r.nib ... 
2023-05-09 14:42:05 +0000  970 bytes for ./Base.lproj/Main.storyboardc/UIViewController-BYZ-38-t0r.nib
2023-05-09 14:42:05 +0000  copying file ./Base.lproj/Main.storyboardc/BYZ-38-t0r-view-8bC-Xf-vdC.nib ... 
2023-05-09 14:42:05 +0000  12282 bytes for ./Base.lproj/Main.storyboardc/BYZ-38-t0r-view-8bC-Xf-vdC.nib
2023-05-09 14:42:05 +0000  copying file ./Base.lproj/Main.storyboardc/Info.plist ... 
2023-05-09 14:42:05 +0000  258 bytes for ./Base.lproj/Main.storyboardc/Info.plist
2023-05-09 14:42:05 +0000  copying file ./Base.lproj/LaunchScreen.storyboardc/01J-lp-oVM-view-Ze5-6b-2t3.nib ... 
2023-05-09 14:42:05 +0000  2699 bytes for ./Base.lproj/LaunchScreen.storyboardc/01J-lp-oVM-view-Ze5-6b-2t3.nib
2023-05-09 14:42:05 +0000  copying file ./Base.lproj/LaunchScreen.storyboardc/UIViewController-01J-lp-oVM.nib ... 
2023-05-09 14:42:05 +0000  896 bytes for ./Base.lproj/LaunchScreen.storyboardc/UIViewController-01J-lp-oVM.nib
2023-05-09 14:42:05 +0000  copying file ./Base.lproj/LaunchScreen.storyboardc/Info.plist ... 
2023-05-09 14:42:05 +0000  258 bytes for ./Base.lproj/LaunchScreen.storyboardc/Info.plist
2023-05-09 14:42:05 +0000  copying file ./todoList ... 
2023-05-09 14:42:05 +0000  156976 bytes for ./todoList
2023-05-09 14:42:05 +0000  copying file ./Assets.car ... 
2023-05-09 14:42:05 +0000  695903 bytes for ./Assets.car
2023-05-09 14:42:05 +0000  copying file ./AppIcon76x76@2x~ipad.png ... 
2023-05-09 14:42:05 +0000  10196 bytes for ./AppIcon76x76@2x~ipad.png
2023-05-09 14:42:05 +0000  copying file ./Frameworks/RealmSwift.framework/_CodeSignature/CodeResources ... 
2023-05-09 14:42:05 +0000  1798 bytes for ./Frameworks/RealmSwift.framework/_CodeSignature/CodeResources
2023-05-09 14:42:05 +0000  copying file ./Frameworks/RealmSwift.framework/RealmSwift ... 
2023-05-09 14:42:05 +0000  3659264 bytes for ./Frameworks/RealmSwift.framework/RealmSwift
2023-05-09 14:42:05 +0000  copying file ./Frameworks/RealmSwift.framework/Info.plist ... 
2023-05-09 14:42:05 +0000  794 bytes for ./Frameworks/RealmSwift.framework/Info.plist
2023-05-09 14:42:05 +0000  copying file ./Frameworks/libswift_Concurrency.dylib ... 
2023-05-09 14:42:05 +0000  557584 bytes for ./Frameworks/libswift_Concurrency.dylib
2023-05-09 14:42:05 +0000  copying file ./Frameworks/Realm.framework/_CodeSignature/CodeResources ... 
2023-05-09 14:42:05 +0000  1798 bytes for ./Frameworks/Realm.framework/_CodeSignature/CodeResources
2023-05-09 14:42:05 +0000  copying file ./Frameworks/Realm.framework/Info.plist ... 
2023-05-09 14:42:05 +0000  784 bytes for ./Frameworks/Realm.framework/Info.plist
2023-05-09 14:42:05 +0000  copying file ./Frameworks/Realm.framework/Realm ... 
2023-05-09 14:42:05 +0000  10828944 bytes for ./Frameworks/Realm.framework/Realm
2023-05-09 14:42:05 +0000  copying file ./embedded.mobileprovision ... 
2023-05-09 14:42:05 +0000  19934 bytes for ./embedded.mobileprovision
copying file ./Info.plist ... 
2023-05-09 14:42:05 +0000  1760 bytes for ./Info.plist
copying file ./PkgInfo ... 
2023-05-09 14:42:05 +0000  8 bytes for ./PkgInfo
2023-05-09 14:42:05 +0000  /usr/bin/ditto exited with 0
2023-05-09 14:42:05 +0000  Processing step: IDEDistributionEmbedProfileStep
2023-05-09 14:42:05 +0000  Skipping profile for item: <IDEDistributionItem: 0x60000b31b480; bundleID='org.cocoapods.Realm', path='<DVTFilePath:0x600007c1c380:'/Users/macvps/Library/Developer/Xcode/Archives/2023-05-09/Task Reminder 5-9-23, 7.39 AM.xcarchive/Products/Applications/todoList.app/Frameworks/Realm.framework'>', codeSigningInfo='<_DVTCodeSigningInformation_Path: 0x60001347d180; isSigned='1', isAdHocSigned='0', signingCertificate='<DVTSigningCertificate: 0x60000206dc30; name='Apple Distribution: Vladislav Kolchuk (7673SP667C)', hash='BFBD16DF91AAAA84379793C7C88DDEFF7925E4D1', serialNumber='788137214EAC5305BCA355A1600BACD4', certificateKinds='(
    "1.2.840.113635.100.6.1.7",
    "1.2.840.113635.100.6.1.4"
), issueDate='2023-02-21 09:34:17 +0000''>', entitlements='(null)', teamID='7673SP667C', identifier='org.cocoapods.Realm', executablePath='<DVTFilePath:0x60000b32cfc0:'/Users/macvps/Library/Developer/Xcode/Archives/2023-05-09/Task Reminder 5-9-23, 7.39 AM.xcarchive/Products/Applications/todoList.app/Frameworks/Realm.framework/Realm'>', hardenedRuntime='0'>'>
2023-05-09 14:42:05 +0000  Skipping profile for item: <IDEDistributionItem: 0x60000b31a760; bundleID='org.cocoapods.RealmSwift', path='<DVTFilePath:0x600007c16370:'/Users/macvps/Library/Developer/Xcode/Archives/2023-05-09/Task Reminder 5-9-23, 7.39 AM.xcarchive/Products/Applications/todoList.app/Frameworks/RealmSwift.framework'>', codeSigningInfo='<_DVTCodeSigningInformation_Path: 0x60001347f570; isSigned='1', isAdHocSigned='0', signingCertificate='<DVTSigningCertificate: 0x6000020765d0; name='Apple Distribution: Vladislav Kolchuk (7673SP667C)', hash='BFBD16DF91AAAA84379793C7C88DDEFF7925E4D1', serialNumber='788137214EAC5305BCA355A1600BACD4', certificateKinds='(
    "1.2.840.113635.100.6.1.7",
    "1.2.840.113635.100.6.1.4"
), issueDate='2023-02-21 09:34:17 +0000''>', entitlements='(null)', teamID='7673SP667C', identifier='org.cocoapods.RealmSwift', executablePath='<DVTFilePath:0x600007ff03f0:'/Users/macvps/Library/Developer/Xcode/Archives/2023-05-09/Task Reminder 5-9-23, 7.39 AM.xcarchive/Products/Applications/todoList.app/Frameworks/RealmSwift.framework/RealmSwift'>', hardenedRuntime='0'>'>
2023-05-09 14:42:05 +0000  Skipping profile for item: <IDEDistributionItem: 0x60000b3199e0; bundleID='com.apple.dt.runtime.swiftConcurrency', path='<DVTFilePath:0x600003accf80:'/Users/macvps/Library/Developer/Xcode/Archives/2023-05-09/Task Reminder 5-9-23, 7.39 AM.xcarchive/Products/Applications/todoList.app/Frameworks/libswift_Concurrency.dylib'>', codeSigningInfo='<_DVTCodeSigningInformation_Path: 0x60000f7219a0; isSigned='1', isAdHocSigned='0', signingCertificate='<DVTSigningCertificate: 0x60000206dc30; name='Apple Distribution: Vladislav Kolchuk (7673SP667C)', hash='BFBD16DF91AAAA84379793C7C88DDEFF7925E4D1', serialNumber='788137214EAC5305BCA355A1600BACD4', certificateKinds='(
    "1.2.840.113635.100.6.1.7",
    "1.2.840.113635.100.6.1.4"
), issueDate='2023-02-21 09:34:17 +0000''>', entitlements='(null)', teamID='7673SP667C', identifier='com.apple.dt.runtime.swiftConcurrency', executablePath='<DVTFilePath:0x600003accf80:'/Users/macvps/Library/Developer/Xcode/Archives/2023-05-09/Task Reminder 5-9-23, 7.39 AM.xcarchive/Products/Applications/todoList.app/Frameworks/libswift_Concurrency.dylib'>', hardenedRuntime='0'>'>
2023-05-09 14:42:05 +0000  Processing step: IDEDistributionInfoPlistStep
2023-05-09 14:42:05 +0000  Skipping step: IDEDistributionInfoPlistStep because it said so
2023-05-09 14:42:05 +0000  Skipping step: IDEDistributionInfoPlistStep because it said so
2023-05-09 14:42:05 +0000  Skipping step: IDEDistributionInfoPlistStep because it said so
2023-05-09 14:42:05 +0000  Skipping step: IDEDistributionInfoPlistStep because it said so
2023-05-09 14:42:05 +0000  Processing step: IDEDistributionAppThinningPlistStep
2023-05-09 14:42:05 +0000  Skipping step: IDEDistributionAppThinningPlistStep because it said so
2023-05-09 14:42:05 +0000  Processing step: IDEDistributionCompileBitcodeStep
2023-05-09 14:42:05 +0000  Skipping step: IDEDistributionCompileBitcodeStep because it said so
2023-05-09 14:42:05 +0000  Processing step: IDEDistributionCodeSlimmingStep
2023-05-09 14:42:05 +0000  Processing step: IDEDistributionCopyBCSymbolMapsStep
2023-05-09 14:42:05 +0000  Skipping step: IDEDistributionCopyBCSymbolMapsStep because it said so
2023-05-09 14:42:05 +0000  Skipping step: IDEDistributionCopyBCSymbolMapsStep because it said so
2023-05-09 14:42:05 +0000  Skipping step: IDEDistributionCopyBCSymbolMapsStep because it said so
2023-05-09 14:42:05 +0000  Skipping step: IDEDistributionCopyBCSymbolMapsStep because it said so
2023-05-09 14:42:05 +0000  Processing step: IDEDistributionSymbolsStep
2023-05-09 14:42:05 +0000  Skipping step: IDEDistributionSymbolsStep because it said so
2023-05-09 14:42:05 +0000  Skipping step: IDEDistributionSymbolsStep because it said so
2023-05-09 14:42:05 +0000  Skipping step: IDEDistributionSymbolsStep because it said so
2023-05-09 14:42:05 +0000  Skipping step: IDEDistributionSymbolsStep because it said so
2023-05-09 14:42:05 +0000  Processing step: IDEDistributionAppThinningStep
2023-05-09 14:42:05 +0000  Skipping step: IDEDistributionAppThinningStep because it said so
2023-05-09 14:42:05 +0000  Processing step: IDEDistributionArchThinningStep
2023-05-09 14:42:05 +0000  Running /Applications/Xcode.app/Contents/Developer/Toolchains/XcodeDefault.xctoolchain/usr/bin/lipo '/var/folders/sb/qjkwrxwj6bx7936vssk9pxt00000gp/T/XcodeDistPipeline.~~~I3Iow9/Root/Payload/todoList.app/Frameworks/Realm.framework/Realm' '-verify_arch' 'arm64e'
2023-05-09 14:42:05 +0000  /Applications/Xcode.app/Contents/Developer/Toolchains/XcodeDefault.xctoolchain/usr/bin/lipo exited with 1
2023-05-09 14:42:05 +0000  Skipping architecture thinning for item "Realm" because arch "arm64e" wasn't found
2023-05-09 14:42:05 +0000  Running /Applications/Xcode.app/Contents/Developer/Toolchains/XcodeDefault.xctoolchain/usr/bin/lipo '/var/folders/sb/qjkwrxwj6bx7936vssk9pxt00000gp/T/XcodeDistPipeline.~~~I3Iow9/Root/Payload/todoList.app/Frameworks/RealmSwift.framework/RealmSwift' '-verify_arch' 'arm64e'
2023-05-09 14:42:05 +0000  /Applications/Xcode.app/Contents/Developer/Toolchains/XcodeDefault.xctoolchain/usr/bin/lipo exited with 1
2023-05-09 14:42:05 +0000  Skipping architecture thinning for item "RealmSwift" because arch "arm64e" wasn't found
2023-05-09 14:42:05 +0000  Running /Applications/Xcode.app/Contents/Developer/Toolchains/XcodeDefault.xctoolchain/usr/bin/lipo '/var/folders/sb/qjkwrxwj6bx7936vssk9pxt00000gp/T/XcodeDistPipeline.~~~I3Iow9/Root/Payload/todoList.app/Frameworks/libswift_Concurrency.dylib' '-verify_arch' 'arm64e'
2023-05-09 14:42:05 +0000  /Applications/Xcode.app/Contents/Developer/Toolchains/XcodeDefault.xctoolchain/usr/bin/lipo exited with 1
2023-05-09 14:42:05 +0000  Skipping architecture thinning for item "libswift_Concurrency.dylib" because arch "arm64e" wasn't found
2023-05-09 14:42:05 +0000  Running /Applications/Xcode.app/Contents/Developer/Toolchains/XcodeDefault.xctoolchain/usr/bin/lipo '/var/folders/sb/qjkwrxwj6bx7936vssk9pxt00000gp/T/XcodeDistPipeline.~~~I3Iow9/Root/Payload/todoList.app/todoList' '-verify_arch' 'arm64e'
2023-05-09 14:42:05 +0000  /Applications/Xcode.app/Contents/Developer/Toolchains/XcodeDefault.xctoolchain/usr/bin/lipo exited with 1
2023-05-09 14:42:05 +0000  Skipping architecture thinning for item "todoList" because arch "arm64e" wasn't found
2023-05-09 14:42:05 +0000  Processing step: IDEDistributionODRStep
2023-05-09 14:42:05 +0000  Processing step: IDEDistributionStripXattrsStep
2023-05-09 14:42:05 +0000  Skipping stripping extended attributes of item: <IDEDistributionItem: 0x60000b31b480; bundleID='org.cocoapods.Realm', path='<DVTFilePath:0x600007c1c380:'/Users/macvps/Library/Developer/Xcode/Archives/2023-05-09/Task Reminder 5-9-23, 7.39 AM.xcarchive/Products/Applications/todoList.app/Frameworks/Realm.framework'>', codeSigningInfo='<_DVTCodeSigningInformation_Path: 0x60001347d180; isSigned='1', isAdHocSigned='0', signingCertificate='<DVTSigningCertificate: 0x6000020f0370; name='Apple Distribution: Vladislav Kolchuk (7673SP667C)', hash='BFBD16DF91AAAA84379793C7C88DDEFF7925E4D1', serialNumber='788137214EAC5305BCA355A1600BACD4', certificateKinds='(
    "1.2.840.113635.100.6.1.7",
    "1.2.840.113635.100.6.1.4"
), issueDate='2023-02-21 09:34:17 +0000''>', entitlements='(null)', teamID='7673SP667C', identifier='org.cocoapods.Realm', executablePath='<DVTFilePath:0x60000b32cfc0:'/Users/macvps/Library/Developer/Xcode/Archives/2023-05-09/Task Reminder 5-9-23, 7.39 AM.xcarchive/Products/Applications/todoList.app/Frameworks/Realm.framework/Realm'>', hardenedRuntime='0'>'>
2023-05-09 14:42:05 +0000  Skipping stripping extended attributes of item: <IDEDistributionItem: 0x60000b31a760; bundleID='org.cocoapods.RealmSwift', path='<DVTFilePath:0x600007c16370:'/Users/macvps/Library/Developer/Xcode/Archives/2023-05-09/Task Reminder 5-9-23, 7.39 AM.xcarchive/Products/Applications/todoList.app/Frameworks/RealmSwift.framework'>', codeSigningInfo='<_DVTCodeSigningInformation_Path: 0x60001347f570; isSigned='1', isAdHocSigned='0', signingCertificate='<DVTSigningCertificate: 0x6000020f0370; name='Apple Distribution: Vladislav Kolchuk (7673SP667C)', hash='BFBD16DF91AAAA84379793C7C88DDEFF7925E4D1', serialNumber='788137214EAC5305BCA355A1600BACD4', certificateKinds='(
    "1.2.840.113635.100.6.1.7",
    "1.2.840.113635.100.6.1.4"
), issueDate='2023-02-21 09:34:17 +0000''>', entitlements='(null)', teamID='7673SP667C', identifier='org.cocoapods.RealmSwift', executablePath='<DVTFilePath:0x600007ff03f0:'/Users/macvps/Library/Developer/Xcode/Archives/2023-05-09/Task Reminder 5-9-23, 7.39 AM.xcarchive/Products/Applications/todoList.app/Frameworks/RealmSwift.framework/RealmSwift'>', hardenedRuntime='0'>'>
2023-05-09 14:42:05 +0000  Skipping stripping extended attributes of item: <IDEDistributionItem: 0x60000b3199e0; bundleID='com.apple.dt.runtime.swiftConcurrency', path='<DVTFilePath:0x600003accf80:'/Users/macvps/Library/Developer/Xcode/Archives/2023-05-09/Task Reminder 5-9-23, 7.39 AM.xcarchive/Products/Applications/todoList.app/Frameworks/libswift_Concurrency.dylib'>', codeSigningInfo='<_DVTCodeSigningInformation_Path: 0x60000f7219a0; isSigned='1', isAdHocSigned='0', signingCertificate='<DVTSigningCertificate: 0x6000020f0370; name='Apple Distribution: Vladislav Kolchuk (7673SP667C)', hash='BFBD16DF91AAAA84379793C7C88DDEFF7925E4D1', serialNumber='788137214EAC5305BCA355A1600BACD4', certificateKinds='(
    "1.2.840.113635.100.6.1.7",
    "1.2.840.113635.100.6.1.4"
), issueDate='2023-02-21 09:34:17 +0000''>', entitlements='(null)', teamID='7673SP667C', identifier='com.apple.dt.runtime.swiftConcurrency', executablePath='<DVTFilePath:0x600003accf80:'/Users/macvps/Library/Developer/Xcode/Archives/2023-05-09/Task Reminder 5-9-23, 7.39 AM.xcarchive/Products/Applications/todoList.app/Frameworks/libswift_Concurrency.dylib'>', hardenedRuntime='0'>'>
2023-05-09 14:42:05 +0000  Running /usr/bin/xattr '-crs' '/var/folders/sb/qjkwrxwj6bx7936vssk9pxt00000gp/T/XcodeDistPipeline.~~~I3Iow9/Root/Payload/todoList.app'
2023-05-09 14:42:05 +0000  /usr/bin/xattr exited with 0
2023-05-09 14:42:05 +0000  Processing step: IDEDistributionCodesignStep
2023-05-09 14:42:05 +0000  Entitlements for <IDEDistributionItem: 0x60000b31b480; bundleID='org.cocoapods.Realm', path='<DVTFilePath:0x600007c1c380:'/Users/macvps/Library/Developer/Xcode/Archives/2023-05-09/Task Reminder 5-9-23, 7.39 AM.xcarchive/Products/Applications/todoList.app/Frameworks/Realm.framework'>', codeSigningInfo='<_DVTCodeSigningInformation_Path: 0x60001347d180; isSigned='1', isAdHocSigned='0', signingCertificate='<DVTSigningCertificate: 0x6000020f0370; name='Apple Distribution: Vladislav Kolchuk (7673SP667C)', hash='BFBD16DF91AAAA84379793C7C88DDEFF7925E4D1', serialNumber='788137214EAC5305BCA355A1600BACD4', certificateKinds='(
    "1.2.840.113635.100.6.1.7",
    "1.2.840.113635.100.6.1.4"
), issueDate='2023-02-21 09:34:17 +0000''>', entitlements='(null)', teamID='7673SP667C', identifier='org.cocoapods.Realm', executablePath='<DVTFilePath:0x60000b32cfc0:'/Users/macvps/Library/Developer/Xcode/Archives/2023-05-09/Task Reminder 5-9-23, 7.39 AM.xcarchive/Products/Applications/todoList.app/Frameworks/Realm.framework/Realm'>', hardenedRuntime='0'>'>: {
}
2023-05-09 14:42:05 +0000  Entitlements for <IDEDistributionItem: 0x60000b31b480; bundleID='org.cocoapods.Realm', path='<DVTFilePath:0x600007c1c380:'/Users/macvps/Library/Developer/Xcode/Archives/2023-05-09/Task Reminder 5-9-23, 7.39 AM.xcarchive/Products/Applications/todoList.app/Frameworks/Realm.framework'>', codeSigningInfo='<_DVTCodeSigningInformation_Path: 0x60001347d180; isSigned='1', isAdHocSigned='0', signingCertificate='<DVTSigningCertificate: 0x6000020f1290; name='Apple Distribution: Vladislav Kolchuk (7673SP667C)', hash='BFBD16DF91AAAA84379793C7C88DDEFF7925E4D1', serialNumber='788137214EAC5305BCA355A1600BACD4', certificateKinds='(
    "1.2.840.113635.100.6.1.7",
    "1.2.840.113635.100.6.1.4"
), issueDate='2023-02-21 09:34:17 +0000''>', entitlements='(null)', teamID='7673SP667C', identifier='org.cocoapods.Realm', executablePath='<DVTFilePath:0x60000b32cfc0:'/Users/macvps/Library/Developer/Xcode/Archives/2023-05-09/Task Reminder 5-9-23, 7.39 AM.xcarchive/Products/Applications/todoList.app/Frameworks/Realm.framework/Realm'>', hardenedRuntime='0'>'> are: {
}
2023-05-09 14:42:05 +0000  Writing entitlements for <IDEDistributionItem: 0x60000b31b480; bundleID='org.cocoapods.Realm', path='<DVTFilePath:0x600007c1c380:'/Users/macvps/Library/Developer/Xcode/Archives/2023-05-09/Task Reminder 5-9-23, 7.39 AM.xcarchive/Products/Applications/todoList.app/Frameworks/Realm.framework'>', codeSigningInfo='<_DVTCodeSigningInformation_Path: 0x60001347d180; isSigned='1', isAdHocSigned='0', signingCertificate='<DVTSigningCertificate: 0x6000020e6310; name='Apple Distribution: Vladislav Kolchuk (7673SP667C)', hash='BFBD16DF91AAAA84379793C7C88DDEFF7925E4D1', serialNumber='788137214EAC5305BCA355A1600BACD4', certificateKinds='(
    "1.2.840.113635.100.6.1.7",
    "1.2.840.113635.100.6.1.4"
), issueDate='2023-02-21 09:34:17 +0000''>', entitlements='(null)', teamID='7673SP667C', identifier='org.cocoapods.Realm', executablePath='<DVTFilePath:0x60000b32cfc0:'/Users/macvps/Library/Developer/Xcode/Archives/2023-05-09/Task Reminder 5-9-23, 7.39 AM.xcarchive/Products/Applications/todoList.app/Frameworks/Realm.framework/Realm'>', hardenedRuntime='0'>'> to: /var/folders/sb/qjkwrxwj6bx7936vssk9pxt00000gp/T/XcodeDistPipeline.~~~I3Iow9/entitlements~~~yGFQ2s
2023-05-09 14:42:05 +0000  Running /usr/bin/codesign '-vvv' '--force' '--sign' 'BFBD16DF91AAAA84379793C7C88DDEFF7925E4D1' '--entitlements' '/var/folders/sb/qjkwrxwj6bx7936vssk9pxt00000gp/T/XcodeDistPipeline.~~~I3Iow9/entitlements~~~yGFQ2s' '--generate-entitlement-der' '--preserve-metadata=identifier,flags,runtime' '/var/folders/sb/qjkwrxwj6bx7936vssk9pxt00000gp/T/XcodeDistPipeline.~~~I3Iow9/Root/Payload/todoList.app/Frameworks/Realm.framework'
2023-05-09 14:42:05 +0000  /var/folders/sb/qjkwrxwj6bx7936vssk9pxt00000gp/T/XcodeDistPipeline.~~~I3Iow9/Root/Payload/todoList.app/Frameworks/Realm.framework: replacing existing signature
2023-05-09 14:42:05 +0000  /var/folders/sb/qjkwrxwj6bx7936vssk9pxt00000gp/T/XcodeDistPipeline.~~~I3Iow9/Root/Payload/todoList.app/Frameworks/Realm.framework: signed bundle with Mach-O thin (arm64) [org.cocoapods.Realm]
2023-05-09 14:42:05 +0000  /usr/bin/codesign exited with 0
2023-05-09 14:42:05 +0000  Entitlements for <IDEDistributionItem: 0x60000b31a760; bundleID='org.cocoapods.RealmSwift', path='<DVTFilePath:0x600007c16370:'/Users/macvps/Library/Developer/Xcode/Archives/2023-05-09/Task Reminder 5-9-23, 7.39 AM.xcarchive/Products/Applications/todoList.app/Frameworks/RealmSwift.framework'>', codeSigningInfo='<_DVTCodeSigningInformation_Path: 0x60001347f570; isSigned='1', isAdHocSigned='0', signingCertificate='<DVTSigningCertificate: 0x6000020ba470; name='Apple Distribution: Vladislav Kolchuk (7673SP667C)', hash='BFBD16DF91AAAA84379793C7C88DDEFF7925E4D1', serialNumber='788137214EAC5305BCA355A1600BACD4', certificateKinds='(
    "1.2.840.113635.100.6.1.7",
    "1.2.840.113635.100.6.1.4"
), issueDate='2023-02-21 09:34:17 +0000''>', entitlements='(null)', teamID='7673SP667C', identifier='org.cocoapods.RealmSwift', executablePath='<DVTFilePath:0x600007ff03f0:'/Users/macvps/Library/Developer/Xcode/Archives/2023-05-09/Task Reminder 5-9-23, 7.39 AM.xcarchive/Products/Applications/todoList.app/Frameworks/RealmSwift.framework/RealmSwift'>', hardenedRuntime='0'>'>: {
}
2023-05-09 14:42:05 +0000  Entitlements for <IDEDistributionItem: 0x60000b31a760; bundleID='org.cocoapods.RealmSwift', path='<DVTFilePath:0x600007c16370:'/Users/macvps/Library/Developer/Xcode/Archives/2023-05-09/Task Reminder 5-9-23, 7.39 AM.xcarchive/Products/Applications/todoList.app/Frameworks/RealmSwift.framework'>', codeSigningInfo='<_DVTCodeSigningInformation_Path: 0x60001347f570; isSigned='1', isAdHocSigned='0', signingCertificate='<DVTSigningCertificate: 0x6000020bae10; name='Apple Distribution: Vladislav Kolchuk (7673SP667C)', hash='BFBD16DF91AAAA84379793C7C88DDEFF7925E4D1', serialNumber='788137214EAC5305BCA355A1600BACD4', certificateKinds='(
    "1.2.840.113635.100.6.1.7",
    "1.2.840.113635.100.6.1.4"
), issueDate='2023-02-21 09:34:17 +0000''>', entitlements='(null)', teamID='7673SP667C', identifier='org.cocoapods.RealmSwift', executablePath='<DVTFilePath:0x600007ff03f0:'/Users/macvps/Library/Developer/Xcode/Archives/2023-05-09/Task Reminder 5-9-23, 7.39 AM.xcarchive/Products/Applications/todoList.app/Frameworks/RealmSwift.framework/RealmSwift'>', hardenedRuntime='0'>'> are: {
}
2023-05-09 14:42:05 +0000  Writing entitlements for <IDEDistributionItem: 0x60000b31a760; bundleID='org.cocoapods.RealmSwift', path='<DVTFilePath:0x600007c16370:'/Users/macvps/Library/Developer/Xcode/Archives/2023-05-09/Task Reminder 5-9-23, 7.39 AM.xcarchive/Products/Applications/todoList.app/Frameworks/RealmSwift.framework'>', codeSigningInfo='<_DVTCodeSigningInformation_Path: 0x60001347f570; isSigned='1', isAdHocSigned='0', signingCertificate='<DVTSigningCertificate: 0x6000020c6100; name='Apple Distribution: Vladislav Kolchuk (7673SP667C)', hash='BFBD16DF91AAAA84379793C7C88DDEFF7925E4D1', serialNumber='788137214EAC5305BCA355A1600BACD4', certificateKinds='(
    "1.2.840.113635.100.6.1.7",
    "1.2.840.113635.100.6.1.4"
), issueDate='2023-02-21 09:34:17 +0000''>', entitlements='(null)', teamID='7673SP667C', identifier='org.cocoapods.RealmSwift', executablePath='<DVTFilePath:0x600007ff03f0:'/Users/macvps/Library/Developer/Xcode/Archives/2023-05-09/Task Reminder 5-9-23, 7.39 AM.xcarchive/Products/Applications/todoList.app/Frameworks/RealmSwift.framework/RealmSwift'>', hardenedRuntime='0'>'> to: /var/folders/sb/qjkwrxwj6bx7936vssk9pxt00000gp/T/XcodeDistPipeline.~~~I3Iow9/entitlements~~~PFMhoI
2023-05-09 14:42:05 +0000  Running /usr/bin/codesign '-vvv' '--force' '--sign' 'BFBD16DF91AAAA84379793C7C88DDEFF7925E4D1' '--entitlements' '/var/folders/sb/qjkwrxwj6bx7936vssk9pxt00000gp/T/XcodeDistPipeline.~~~I3Iow9/entitlements~~~PFMhoI' '--generate-entitlement-der' '--preserve-metadata=identifier,flags,runtime' '/var/folders/sb/qjkwrxwj6bx7936vssk9pxt00000gp/T/XcodeDistPipeline.~~~I3Iow9/Root/Payload/todoList.app/Frameworks/RealmSwift.framework'
2023-05-09 14:42:05 +0000  /var/folders/sb/qjkwrxwj6bx7936vssk9pxt00000gp/T/XcodeDistPipeline.~~~I3Iow9/Root/Payload/todoList.app/Frameworks/RealmSwift.framework: replacing existing signature
2023-05-09 14:42:05 +0000  /var/folders/sb/qjkwrxwj6bx7936vssk9pxt00000gp/T/XcodeDistPipeline.~~~I3Iow9/Root/Payload/todoList.app/Frameworks/RealmSwift.framework: signed bundle with Mach-O thin (arm64) [org.cocoapods.RealmSwift]
2023-05-09 14:42:05 +0000  /usr/bin/codesign exited with 0
2023-05-09 14:42:05 +0000  Entitlements for <IDEDistributionItem: 0x60000b3199e0; bundleID='com.apple.dt.runtime.swiftConcurrency', path='<DVTFilePath:0x600003accf80:'/Users/macvps/Library/Developer/Xcode/Archives/2023-05-09/Task Reminder 5-9-23, 7.39 AM.xcarchive/Products/Applications/todoList.app/Frameworks/libswift_Concurrency.dylib'>', codeSigningInfo='<_DVTCodeSigningInformation_Path: 0x60000f7219a0; isSigned='1', isAdHocSigned='0', signingCertificate='<DVTSigningCertificate: 0x600002051e40; name='Apple Distribution: Vladislav Kolchuk (7673SP667C)', hash='BFBD16DF91AAAA84379793C7C88DDEFF7925E4D1', serialNumber='788137214EAC5305BCA355A1600BACD4', certificateKinds='(
    "1.2.840.113635.100.6.1.7",
    "1.2.840.113635.100.6.1.4"
), issueDate='2023-02-21 09:34:17 +0000''>', entitlements='(null)', teamID='7673SP667C', identifier='com.apple.dt.runtime.swiftConcurrency', executablePath='<DVTFilePath:0x600003accf80:'/Users/macvps/Library/Developer/Xcode/Archives/2023-05-09/Task Reminder 5-9-23, 7.39 AM.xcarchive/Products/Applications/todoList.app/Frameworks/libswift_Concurrency.dylib'>', hardenedRuntime='0'>'>: {
}
2023-05-09 14:42:05 +0000  Entitlements for <IDEDistributionItem: 0x60000b3199e0; bundleID='com.apple.dt.runtime.swiftConcurrency', path='<DVTFilePath:0x600003accf80:'/Users/macvps/Library/Developer/Xcode/Archives/2023-05-09/Task Reminder 5-9-23, 7.39 AM.xcarchive/Products/Applications/todoList.app/Frameworks/libswift_Concurrency.dylib'>', codeSigningInfo='<_DVTCodeSigningInformation_Path: 0x60000f7219a0; isSigned='1', isAdHocSigned='0', signingCertificate='<DVTSigningCertificate: 0x60000206f910; name='Apple Distribution: Vladislav Kolchuk (7673SP667C)', hash='BFBD16DF91AAAA84379793C7C88DDEFF7925E4D1', serialNumber='788137214EAC5305BCA355A1600BACD4', certificateKinds='(
    "1.2.840.113635.100.6.1.7",
    "1.2.840.113635.100.6.1.4"
), issueDate='2023-02-21 09:34:17 +0000''>', entitlements='(null)', teamID='7673SP667C', identifier='com.apple.dt.runtime.swiftConcurrency', executablePath='<DVTFilePath:0x600003accf80:'/Users/macvps/Library/Developer/Xcode/Archives/2023-05-09/Task Reminder 5-9-23, 7.39 AM.xcarchive/Products/Applications/todoList.app/Frameworks/libswift_Concurrency.dylib'>', hardenedRuntime='0'>'> are: {
}
2023-05-09 14:42:05 +0000  Writing entitlements for <IDEDistributionItem: 0x60000b3199e0; bundleID='com.apple.dt.runtime.swiftConcurrency', path='<DVTFilePath:0x600003accf80:'/Users/macvps/Library/Developer/Xcode/Archives/2023-05-09/Task Reminder 5-9-23, 7.39 AM.xcarchive/Products/Applications/todoList.app/Frameworks/libswift_Concurrency.dylib'>', codeSigningInfo='<_DVTCodeSigningInformation_Path: 0x60000f7219a0; isSigned='1', isAdHocSigned='0', signingCertificate='<DVTSigningCertificate: 0x600002053020; name='Apple Distribution: Vladislav Kolchuk (7673SP667C)', hash='BFBD16DF91AAAA84379793C7C88DDEFF7925E4D1', serialNumber='788137214EAC5305BCA355A1600BACD4', certificateKinds='(
    "1.2.840.113635.100.6.1.7",
    "1.2.840.113635.100.6.1.4"
), issueDate='2023-02-21 09:34:17 +0000''>', entitlements='(null)', teamID='7673SP667C', identifier='com.apple.dt.runtime.swiftConcurrency', executablePath='<DVTFilePath:0x600003accf80:'/Users/macvps/Library/Developer/Xcode/Archives/2023-05-09/Task Reminder 5-9-23, 7.39 AM.xcarchive/Products/Applications/todoList.app/Frameworks/libswift_Concurrency.dylib'>', hardenedRuntime='0'>'> to: /var/folders/sb/qjkwrxwj6bx7936vssk9pxt00000gp/T/XcodeDistPipeline.~~~I3Iow9/entitlements~~~yaRvww
2023-05-09 14:42:05 +0000  Running /usr/bin/codesign '-vvv' '--force' '--sign' 'BFBD16DF91AAAA84379793C7C88DDEFF7925E4D1' '--entitlements' '/var/folders/sb/qjkwrxwj6bx7936vssk9pxt00000gp/T/XcodeDistPipeline.~~~I3Iow9/entitlements~~~yaRvww' '--generate-entitlement-der' '--preserve-metadata=identifier,flags,runtime' '/var/folders/sb/qjkwrxwj6bx7936vssk9pxt00000gp/T/XcodeDistPipeline.~~~I3Iow9/Root/Payload/todoList.app/Frameworks/libswift_Concurrency.dylib'
2023-05-09 14:42:05 +0000  /var/folders/sb/qjkwrxwj6bx7936vssk9pxt00000gp/T/XcodeDistPipeline.~~~I3Iow9/Root/Payload/todoList.app/Frameworks/libswift_Concurrency.dylib: replacing existing signature
2023-05-09 14:42:05 +0000  /var/folders/sb/qjkwrxwj6bx7936vssk9pxt00000gp/T/XcodeDistPipeline.~~~I3Iow9/Root/Payload/todoList.app/Frameworks/libswift_Concurrency.dylib: signed Mach-O thin (arm64) [com.apple.dt.runtime.swiftConcurrency]
2023-05-09 14:42:05 +0000  /usr/bin/codesign exited with 0
2023-05-09 14:42:05 +0000  Entitlements for <IDEDistributionItem: 0x60000b311740; bundleID='iapps.export', path='<DVTFilePath:0x600007c2fdb0:'/Users/macvps/Library/Developer/Xcode/Archives/2023-05-09/Task Reminder 5-9-23, 7.39 AM.xcarchive/Products/Applications/todoList.app'>', codeSigningInfo='<_DVTCodeSigningInformation_Path: 0x60000f7200a0; isSigned='1', isAdHocSigned='0', signingCertificate='<DVTSigningCertificate: 0x6000020534f0; name='Apple Distribution: Vladislav Kolchuk (7673SP667C)', hash='BFBD16DF91AAAA84379793C7C88DDEFF7925E4D1', serialNumber='788137214EAC5305BCA355A1600BACD4', certificateKinds='(
    "1.2.840.113635.100.6.1.7",
    "1.2.840.113635.100.6.1.4"
), issueDate='2023-02-21 09:34:17 +0000''>', entitlements='{
    "application-identifier" = "7673SP667C.iapps.export";
    "com.apple.developer.authentication-services.autofill-credential-provider" = 1;
    "com.apple.developer.game-center" = 1;
    "com.apple.developer.team-identifier" = 7673SP667C;
    "get-task-allow" = 0;
}', teamID='7673SP667C', identifier='iapps.export', executablePath='<DVTFilePath:0x600007fe92d0:'/Users/macvps/Library/Developer/Xcode/Archives/2023-05-09/Task Reminder 5-9-23, 7.39 AM.xcarchive/Products/Applications/todoList.app/todoList'>', hardenedRuntime='0'>'>: {
    "application-identifier" = "7673SP667C.iapps.export";
    "com.apple.developer.authentication-services.autofill-credential-provider" = 1;
    "com.apple.developer.game-center" = 1;
    "com.apple.developer.team-identifier" = 7673SP667C;
    "get-task-allow" = 0;
}
2023-05-09 14:42:05 +0000  Entitlements for <IDEDistributionItem: 0x60000b311740; bundleID='iapps.export', path='<DVTFilePath:0x600007c2fdb0:'/Users/macvps/Library/Developer/Xcode/Archives/2023-05-09/Task Reminder 5-9-23, 7.39 AM.xcarchive/Products/Applications/todoList.app'>', codeSigningInfo='<_DVTCodeSigningInformation_Path: 0x60000f7200a0; isSigned='1', isAdHocSigned='0', signingCertificate='<DVTSigningCertificate: 0x600002076e10; name='Apple Distribution: Vladislav Kolchuk (7673SP667C)', hash='BFBD16DF91AAAA84379793C7C88DDEFF7925E4D1', serialNumber='788137214EAC5305BCA355A1600BACD4', certificateKinds='(
    "1.2.840.113635.100.6.1.7",
    "1.2.840.113635.100.6.1.4"
), issueDate='2023-02-21 09:34:17 +0000''>', entitlements='{
    "application-identifier" = "7673SP667C.iapps.export";
    "com.apple.developer.authentication-services.autofill-credential-provider" = 1;
    "com.apple.developer.game-center" = 1;
    "com.apple.developer.team-identifier" = 7673SP667C;
    "get-task-allow" = 0;
}', teamID='7673SP667C', identifier='iapps.export', executablePath='<DVTFilePath:0x600007fe92d0:'/Users/macvps/Library/Developer/Xcode/Archives/2023-05-09/Task Reminder 5-9-23, 7.39 AM.xcarchive/Products/Applications/todoList.app/todoList'>', hardenedRuntime='0'>'> are: {
    "application-identifier" = "7673SP667C.iapps.export";
    "com.apple.developer.authentication-services.autofill-credential-provider" = 1;
    "com.apple.developer.game-center" = 1;
    "com.apple.developer.team-identifier" = 7673SP667C;
    "get-task-allow" = 0;
}
2023-05-09 14:42:05 +0000  Writing entitlements for <IDEDistributionItem: 0x60000b311740; bundleID='iapps.export', path='<DVTFilePath:0x600007c2fdb0:'/Users/macvps/Library/Developer/Xcode/Archives/2023-05-09/Task Reminder 5-9-23, 7.39 AM.xcarchive/Products/Applications/todoList.app'>', codeSigningInfo='<_DVTCodeSigningInformation_Path: 0x60000f7200a0; isSigned='1', isAdHocSigned='0', signingCertificate='<DVTSigningCertificate: 0x600002053bd0; name='Apple Distribution: Vladislav Kolchuk (7673SP667C)', hash='BFBD16DF91AAAA84379793C7C88DDEFF7925E4D1', serialNumber='788137214EAC5305BCA355A1600BACD4', certificateKinds='(
    "1.2.840.113635.100.6.1.7",
    "1.2.840.113635.100.6.1.4"
), issueDate='2023-02-21 09:34:17 +0000''>', entitlements='{
    "application-identifier" = "7673SP667C.iapps.export";
    "com.apple.developer.authentication-services.autofill-credential-provider" = 1;
    "com.apple.developer.game-center" = 1;
    "com.apple.developer.team-identifier" = 7673SP667C;
    "get-task-allow" = 0;
}', teamID='7673SP667C', identifier='iapps.export', executablePath='<DVTFilePath:0x600007fe92d0:'/Users/macvps/Library/Developer/Xcode/Archives/2023-05-09/Task Reminder 5-9-23, 7.39 AM.xcarchive/Products/Applications/todoList.app/todoList'>', hardenedRuntime='0'>'> to: /var/folders/sb/qjkwrxwj6bx7936vssk9pxt00000gp/T/XcodeDistPipeline.~~~I3Iow9/entitlements~~~FW8mad
2023-05-09 14:42:05 +0000  Running /usr/bin/codesign '-vvv' '--force' '--sign' 'BFBD16DF91AAAA84379793C7C88DDEFF7925E4D1' '--entitlements' '/var/folders/sb/qjkwrxwj6bx7936vssk9pxt00000gp/T/XcodeDistPipeline.~~~I3Iow9/entitlements~~~FW8mad' '--generate-entitlement-der' '--preserve-metadata=identifier,flags,runtime' '/var/folders/sb/qjkwrxwj6bx7936vssk9pxt00000gp/T/XcodeDistPipeline.~~~I3Iow9/Root/Payload/todoList.app'
2023-05-09 14:42:05 +0000  /var/folders/sb/qjkwrxwj6bx7936vssk9pxt00000gp/T/XcodeDistPipeline.~~~I3Iow9/Root/Payload/todoList.app: replacing existing signature
2023-05-09 14:42:05 +0000  /var/folders/sb/qjkwrxwj6bx7936vssk9pxt00000gp/T/XcodeDistPipeline.~~~I3Iow9/Root/Payload/todoList.app: signed app bundle with Mach-O thin (arm64) [iapps.export]
2023-05-09 14:42:05 +0000  /usr/bin/codesign exited with 0
2023-05-09 14:42:05 +0000  Processing step: IDEDistributionZipODRItemStep
2023-05-09 14:42:05 +0000  Skipping step: IDEDistributionZipODRItemStep because it said so
2023-05-09 14:42:05 +0000  Skipping step: IDEDistributionZipODRItemStep because it said so
2023-05-09 14:42:05 +0000  Skipping step: IDEDistributionZipODRItemStep because it said so
2023-05-09 14:42:05 +0000  Skipping step: IDEDistributionZipODRItemStep because it said so
2023-05-09 14:42:05 +0000  Processing step: IDEDistributionCreateIPAStep
2023-05-09 14:42:05 +0000  Running /usr/bin/ditto '-V' '-c' '-k' '--norsrc' '/var/folders/sb/qjkwrxwj6bx7936vssk9pxt00000gp/T/XcodeDistPipeline.~~~I3Iow9/Root' '/var/folders/sb/qjkwrxwj6bx7936vssk9pxt00000gp/T/XcodeDistPipeline.~~~I3Iow9/Packages/todoList.ipa'
2023-05-09 14:42:05 +0000  >>> Copying /var/folders/sb/qjkwrxwj6bx7936vssk9pxt00000gp/T/XcodeDistPipeline.~~~I3Iow9/Root 
2023-05-09 14:42:05 +0000  copying file ./Payload/todoList.app/_CodeSignature/CodeResources ... 
2023-05-09 14:42:05 +0000  6471 bytes for ./Payload/todoList.app/_CodeSignature/CodeResources
2023-05-09 14:42:05 +0000  copying file ./Payload/todoList.app/AppIcon60x60@2x.png ... 
2023-05-09 14:42:05 +0000  6945 bytes for ./Payload/todoList.app/AppIcon60x60@2x.png
2023-05-09 14:42:05 +0000  copying file ./Payload/todoList.app/Base.lproj/Main.storyboardc/UIViewController-BYZ-38-t0r.nib ... 
2023-05-09 14:42:05 +0000  970 bytes for ./Payload/todoList.app/Base.lproj/Main.storyboardc/UIViewController-BYZ-38-t0r.nib
copying file ./Payload/todoList.app/Base.lproj/Main.storyboardc/BYZ-38-t0r-view-8bC-Xf-vdC.nib ... 
2023-05-09 14:42:05 +0000  12282 bytes for ./Payload/todoList.app/Base.lproj/Main.storyboardc/BYZ-38-t0r-view-8bC-Xf-vdC.nib
2023-05-09 14:42:05 +0000  copying file ./Payload/todoList.app/Base.lproj/Main.storyboardc/Info.plist ... 
258 bytes for ./Payload/todoList.app/Base.lproj/Main.storyboardc/Info.plist
2023-05-09 14:42:05 +0000  copying file ./Payload/todoList.app/Base.lproj/LaunchScreen.storyboardc/01J-lp-oVM-view-Ze5-6b-2t3.nib ... 
2023-05-09 14:42:05 +0000  2699 bytes for ./Payload/todoList.app/Base.lproj/LaunchScreen.storyboardc/01J-lp-oVM-view-Ze5-6b-2t3.nib
2023-05-09 14:42:05 +0000  copying file ./Payload/todoList.app/Base.lproj/LaunchScreen.storyboardc/UIViewController-01J-lp-oVM.nib ... 
2023-05-09 14:42:05 +0000  896 bytes for ./Payload/todoList.app/Base.lproj/LaunchScreen.storyboardc/UIViewController-01J-lp-oVM.nib
copying file ./Payload/todoList.app/Base.lproj/LaunchScreen.storyboardc/Info.plist ... 
258 bytes for ./Payload/todoList.app/Base.lproj/LaunchScreen.storyboardc/Info.plist
2023-05-09 14:42:05 +0000  copying file ./Payload/todoList.app/todoList ... 
2023-05-09 14:42:05 +0000  156976 bytes for ./Payload/todoList.app/todoList
2023-05-09 14:42:05 +0000  copying file ./Payload/todoList.app/Assets.car ... 
2023-05-09 14:42:05 +0000  695903 bytes for ./Payload/todoList.app/Assets.car
2023-05-09 14:42:05 +0000  copying file ./Payload/todoList.app/AppIcon76x76@2x~ipad.png ... 
2023-05-09 14:42:05 +0000  10196 bytes for ./Payload/todoList.app/AppIcon76x76@2x~ipad.png
2023-05-09 14:42:05 +0000  copying file ./Payload/todoList.app/Frameworks/RealmSwift.framework/_CodeSignature/CodeResources ... 
2023-05-09 14:42:05 +0000  1798 bytes for ./Payload/todoList.app/Frameworks/RealmSwift.framework/_CodeSignature/CodeResources
copying file ./Payload/todoList.app/Frameworks/RealmSwift.framework/RealmSwift ... 
2023-05-09 14:42:05 +0000  3659520 bytes for ./Payload/todoList.app/Frameworks/RealmSwift.framework/RealmSwift
copying file ./Payload/todoList.app/Frameworks/RealmSwift.framework/Info.plist ... 
2023-05-09 14:42:05 +0000  794 bytes for ./Payload/todoList.app/Frameworks/RealmSwift.framework/Info.plist
copying file ./Payload/todoList.app/Frameworks/libswift_Concurrency.dylib ... 
2023-05-09 14:42:05 +0000  557936 bytes for ./Payload/todoList.app/Frameworks/libswift_Concurrency.dylib
2023-05-09 14:42:05 +0000  copying file ./Payload/todoList.app/Frameworks/Realm.framework/_CodeSignature/CodeResources ... 
1798 bytes for ./Payload/todoList.app/Frameworks/Realm.framework/_CodeSignature/CodeResources
2023-05-09 14:42:05 +0000  copying file ./Payload/todoList.app/Frameworks/Realm.framework/Info.plist ... 
784 bytes for ./Payload/todoList.app/Frameworks/Realm.framework/Info.plist
copying file ./Payload/todoList.app/Frameworks/Realm.framework/Realm ... 
2023-05-09 14:42:06 +0000  10829216 bytes for ./Payload/todoList.app/Frameworks/Realm.framework/Realm
2023-05-09 14:42:06 +0000  copying file ./Payload/todoList.app/embedded.mobileprovision ... 
2023-05-09 14:42:06 +0000  19934 bytes for ./Payload/todoList.app/embedded.mobileprovision
2023-05-09 14:42:06 +0000  copying file ./Payload/todoList.app/Info.plist ... 
1760 bytes for ./Payload/todoList.app/Info.plist
copying file ./Payload/todoList.app/PkgInfo ... 
2023-05-09 14:42:06 +0000  8 bytes for ./Payload/todoList.app/PkgInfo
2023-05-09 14:42:06 +0000  /usr/bin/ditto exited with 0
2023-05-09 14:42:06 +0000  Processing step: IDEDistributionAppStoreInformationStep
2023-05-09 14:42:06 +0000  Skipping step: IDEDistributionAppStoreInformationStep because it said so
2023-05-09 14:42:06 +0000  Processing step: IDEDistributionGenerateProcessedDistributionItems
2023-05-09 14:42:06 +0000  IDEDistributionItem init <DVTFilePath:0x600007f8cbd0:'/var/folders/sb/qjkwrxwj6bx7936vssk9pxt00000gp/T/XcodeDistPipeline.~~~I3Iow9/Root/Payload/todoList.app/Frameworks/Realm.framework'>
2023-05-09 14:42:06 +0000  IDEDistributionItem init <DVTFilePath:0x600007845f00:'/var/folders/sb/qjkwrxwj6bx7936vssk9pxt00000gp/T/XcodeDistPipeline.~~~I3Iow9/Root/Payload/todoList.app/Frameworks/libswift_Concurrency.dylib'>
2023-05-09 14:42:06 +0000  [OPTIONAL] Can't have a profile, not a bundle at <DVTFilePath:0x600007845f00:'/var/folders/sb/qjkwrxwj6bx7936vssk9pxt00000gp/T/XcodeDistPipeline.~~~I3Iow9/Root/Payload/todoList.app/Frameworks/libswift_Concurrency.dylib'>
2023-05-09 14:42:06 +0000  IDEDistributionItem init <DVTFilePath:0x600007f8dc70:'/var/folders/sb/qjkwrxwj6bx7936vssk9pxt00000gp/T/XcodeDistPipeline.~~~I3Iow9/Root/Payload/todoList.app/Frameworks/RealmSwift.framework'>
2023-05-09 14:42:06 +0000  IDEDistributionItem init <DVTFilePath:0x600007f8c0e0:'/var/folders/sb/qjkwrxwj6bx7936vssk9pxt00000gp/T/XcodeDistPipeline.~~~I3Iow9/Root/Payload/todoList.app'>
2023-05-09 14:42:06 +0000  Processing step: IDEDistributionCreateManifestStep
